[08/23/2022 12:03:02] Debug: Session id: ad369f10-3c45-4755-83c0-627c9946f558
[08/23/2022 12:03:02] Debug: Code Processor information: Name :SnowConvert, Version: 7.11.81.0
[08/23/2022 12:03:03] Debug: Getting license
[08/23/2022 12:03:03] Debug: License information
	Status: Failed
	Message: No active license available.
[08/23/2022 12:03:03] Info: Starting to validate parameters
[08/23/2022 12:03:03] Info: Parameters to validate: 
	Execution mode: Conversion
	LICENSE_KEY: a3372138-b87e-4a08-b929-3b48b24c63f1
[08/23/2022 12:03:03] Info: Validation of parameters: Success
[08/23/2022 12:03:03] Debug: Getting code descriptor
[08/23/2022 12:03:03] Debug: Code descriptor information
	Units: 51
	Units type: LOC
	All file bytes: 2141
	All found extensions: .sql,.dml,.ddl,.bteq,.btq,.fl,.fload,.ml,.mload,.mld,.tp,.tpump,.tpt
[08/23/2022 12:03:03] Debug: Calculating fingerprint
[08/23/2022 12:03:03] Debug: Fingerprint information Fingerprint(size=2141,projects=1)
[08/23/2022 12:03:03] Info: Starting to try to validate online license for execution
[08/23/2022 12:03:05] Debug: Getting license
[08/23/2022 12:03:05] Debug: License information
	Status: Failed
	Message: No active license available.
[08/23/2022 12:03:05] Debug: Starting the execution of the controller
[08/23/2022 12:03:06] Debug: Executing the worker: SnowConvert
[08/23/2022 12:03:17] Debug: Finished executing the worker: SnowConvert
[08/23/2022 12:03:19] Info: Controller execution ended
